Reading log entries from /var/log/messages.
Updating AppArmor profiles in /etc/apparmor.d.
 ARRAY(0x1ac8bb8) ARRAY(0x1af2b80) ARRAY(0xbbe5f8) ARRAY(0x1b06848) ARRAY(0x1af2bb0) ARRAY(0x1af0a20) ARRAY(0x1b0ab68) ARRAY(0x1ab3918) ARRAY(0x1a865b0) ARRAY(0x1b753e8) ARRAY(0x1afc510) ARRAY(0x1abf788) 
 be dumper@event = (
           [
             'path',
             660,
             '/usr/sbin/nscd',
             '/usr/sbin/nscd',
             'HINT',
             'REJECTING',
             65540,
             '/proc/sys/vm/overcommit_memory',
             ''
           ]
         );
$VAR2 = [
          [
            'path',
            694,
            '/usr/sbin/nscd',
            '/usr/sbin/nscd',
            'HINT',
            'REJECTING',
            65540,
            '/proc/sys/vm/overcommit_memory',
            ''
          ]
        ];
$VAR3 = [
          [
            'path',
            659,
            '/usr/sbin/nscd',
            '/usr/sbin/nscd',
            'HINT',
            'REJECTING',
            65540,
            '/proc/sys/vm/overcommit_memory',
            ''
          ]
        ];
$VAR4 = [
          [
            'path',
            642,
            '/usr/sbin/nscd',
            '/usr/sbin/nscd',
            'HINT',
            'REJECTING',
            65540,
            '/proc/sys/vm/overcommit_memory',
            ''
          ]
        ];
$VAR5 = [
          [
            'path',
            676,
            '/usr/sbin/nscd',
            '/usr/sbin/nscd',
            'HINT',
            'REJECTING',
            65540,
            '/proc/sys/vm/overcommit_memory',
            ''
          ]
        ];
$VAR6 = [
          [
            'path',
            671,
            '/usr/sbin/nscd',
            '/usr/sbin/nscd',
            'HINT',
            'REJECTING',
            65540,
            '/proc/sys/vm/overcommit_memory',
            ''
          ]
        ];
$VAR7 = [
          [
            'path',
            667,
            '/usr/sbin/nscd',
            '/usr/sbin/nscd',
            'HINT',
            'REJECTING',
            65540,
            '/proc/sys/vm/overcommit_memory',
            ''
          ]
        ];
$VAR8 = [
          [
            'path',
            661,
            '/usr/sbin/nscd',
            '/usr/sbin/nscd',
            'HINT',
            'REJECTING',
            65540,
            '/proc/sys/vm/overcommit_memory',
            ''
          ]
        ];
$VAR9 = [
          [
            'path',
            684,
            '/usr/sbin/nscd',
            '/usr/sbin/nscd',
            'HINT',
            'REJECTING',
            65540,
            '/proc/sys/vm/overcommit_memory',
            ''
          ]
        ];
$VAR10 = [
           [
             'path',
             7664,
             '/usr/bin/empathy',
             '/usr/bin/empathy',
             'HINT',
             'PERMITTING',
             65540,
             '/usr/lib64/empathy/libempathy-gtk-3.6.3.so',
             ''
           ],
           [
             'path',
             7664,
             '/usr/bin/empathy',
             '/usr/bin/empathy',
             'HINT',
             'PERMITTING',
             1114180,
             '/usr/lib64/empathy/libempathy-gtk-3.6.3.so',
             ''
           ],
           [
             'path',
             7664,
             '/usr/bin/empathy',
             '/usr/bin/empathy',
             'HINT',
             'PERMITTING',
             65540,
             '/usr/lib64/empathy/libempathy-3.6.3.so',
             ''
           ],
           [
             'path',
             7664,
             '/usr/bin/empathy',
             '/usr/bin/empathy',
             'HINT',
             'PERMITTING',
             1114180,
             '/usr/lib64/empathy/libempathy-3.6.3.so',
             ''
           ],
           [
             'path',
             7664,
             '/usr/bin/empathy',
             '/usr/bin/empathy',
             'HINT',
             'PERMITTING',
             65540,
             '/etc/ld.so.cache',
             ''
           ],
           [
             'path',
             7664,
             '/usr/bin/empathy',
             '/usr/bin/empathy',
             'HINT',
             'PERMITTING',
             65540,
             '/usr/lib64/libdbus-glib-1.so.2.2.2',
             ''
           ],
           [
             'path',
             7664,
             '/usr/bin/empathy',
             '/usr/bin/empathy',
             'HINT',
             'PERMITTING',
             32770,
             '/home/kshitij/.config/Empathy/geometry.ini.7YRV1W',
             ''
           ],
           [
             'path',
             7664,
             '/usr/bin/empathy',
             '/usr/bin/empathy',
             'HINT',
             'PERMITTING',
             98310,
             '/home/kshitij/.config/Empathy/geometry.ini.7YRV1W',
             ''
           ],
           [
             'path',
             7664,
             '/usr/bin/empathy',
             '/usr/bin/empathy',
             'HINT',
             'PERMITTING',
             98310,
             '/home/kshitij/.config/Empathy/geometry.ini.7YRV1W',
             ''
           ],
           [
             'path',
             7664,
             '/usr/bin/empathy',
             '/usr/bin/empathy',
             'HINT',
             'PERMITTING',
             32770,
             '/home/kshitij/.config/Empathy/geometry.ini',
             ''
           ],
           [
             'path',
             7664,
             '/usr/bin/empathy',
             '/usr/bin/empathy',
             'HINT',
             'PERMITTING',
             98310,
             '/run/user/1000/dconf/user',
             ''
           ],
           [
             'path',
             7664,
             '/usr/bin/empathy',
             '/usr/bin/empathy',
             'HINT',
             'PERMITTING',
             65540,
             '/home/kshitij/.config/dconf/user',
             ''
           ],
           [
             'path',
             7664,
             '/usr/bin/empathy',
             '/usr/bin/empathy',
             'HINT',
             'PERMITTING',
             98310,
             '/run/user/1000/dconf/user',
             ''
           ],
           [
             'path',
             7664,
             '/usr/bin/empathy',
             '/usr/bin/empathy',
             'HINT',
             'PERMITTING',
             65540,
             '/home/kshitij/.config/dconf/user',
             ''
           ],
           [
             'path',
             7664,
             '/usr/bin/empathy',
             '/usr/bin/empathy',
             'HINT',
             'PERMITTING',
             98310,
             '/run/user/1000/dconf/user',
             ''
           ],
           [
             'path',
             7664,
             '/usr/bin/empathy',
             '/usr/bin/empathy',
             'HINT',
             'PERMITTING',
             65540,
             '/home/kshitij/.config/dconf/user',
             ''
           ],
           [
             'path',
             7664,
             '/usr/bin/empathy',
             '/usr/bin/empathy',
             'HINT',
             'PERMITTING',
             98310,
             '/run/user/1000/dconf/user',
             ''
           ],
           [
             'path',
             7664,
             '/usr/bin/empathy',
             '/usr/bin/empathy',
             'HINT',
             'PERMITTING',
             65540,
             '/home/kshitij/.config/dconf/user',
             ''
           ],
           [
             'path',
             7664,
             '/usr/bin/empathy',
             '/usr/bin/empathy',
             'HINT',
             'PERMITTING',
             98310,
             '/run/user/1000/dconf/user',
             ''
           ],
           [
             'path',
             7664,
             '/usr/bin/empathy',
             '/usr/bin/empathy',
             'HINT',
             'PERMITTING',
             65540,
             '/home/kshitij/.config/dconf/user',
             ''
           ],
           [
             'path',
             7664,
             '/usr/bin/empathy',
             '/usr/bin/empathy',
             'HINT',
             'PERMITTING',
             98310,
             '/run/user/1000/dconf/user',
             ''
           ],
           [
             'path',
             7664,
             '/usr/bin/empathy',
             '/usr/bin/empathy',
             'HINT',
             'PERMITTING',
             65540,
             '/home/kshitij/.config/dconf/user',
             ''
           ],
           [
             'path',
             7664,
             '/usr/bin/empathy',
             '/usr/bin/empathy',
             'HINT',
             'PERMITTING',
             98310,
             '/run/user/1000/dconf/user',
             ''
           ],
           [
             'path',
             7664,
             '/usr/bin/empathy',
             '/usr/bin/empathy',
             'HINT',
             'PERMITTING',
             65540,
             '/home/kshitij/.config/dconf/user',
             ''
           ],
           [
             'path',
             7664,
             '/usr/bin/empathy',
             '/usr/bin/empathy',
             'HINT',
             'PERMITTING',
             98310,
             '/run/user/1000/dconf/user',
             ''
           ],
           [
             'path',
             7664,
             '/usr/bin/empathy',
             '/usr/bin/empathy',
             'HINT',
             'PERMITTING',
             65540,
             '/home/kshitij/.config/dconf/user',
             ''
           ],
           [
             'path',
             7664,
             '/usr/bin/empathy',
             '/usr/bin/empathy',
             'HINT',
             'PERMITTING',
             98310,
             '/run/user/1000/dconf/user',
             ''
           ],
           [
             'path',
             7664,
             '/usr/bin/empathy',
             '/usr/bin/empathy',
             'HINT',
             'PERMITTING',
             65540,
             '/home/kshitij/.config/dconf/user',
             ''
           ],
           [
             'path',
             7664,
             '/usr/bin/empathy',
             '/usr/bin/empathy',
             'HINT',
             'PERMITTING',
             98310,
             '/run/user/1000/dconf/user',
             ''
           ],
           [
             'path',
             7664,
             '/usr/bin/empathy',
             '/usr/bin/empathy',
             'HINT',
             'PERMITTING',
             65540,
             '/home/kshitij/.config/dconf/user',
             ''
           ]
         ];
$VAR11 = [
           [
             'path',
             7671,
             'null-complain-profile',
             'null-complain-profile',
             'HINT',
             'PERMITTING',
             65540,
             '/usr/share/icons/gnome/scalable/actions/list-add-symbolic.svg',
             ''
           ],
           [
             'path',
             7671,
             'null-complain-profile',
             'null-complain-profile',
             'HINT',
             'PERMITTING',
             65540,
             '/usr/share/icons/gnome/scalable/actions/list-add-symbolic.svg',
             ''
           ],
           [
             'path',
             7671,
             'null-complain-profile',
             'null-complain-profile',
             'HINT',
             'PERMITTING',
             65540,
             '/usr/share/icons/gnome/scalable/actions/list-remove-symbolic.svg',
             ''
           ],
           [
             'path',
             7671,
             'null-complain-profile',
             'null-complain-profile',
             'HINT',
             'PERMITTING',
             65540,
             '/usr/share/icons/gnome/scalable/actions/list-remove-symbolic.svg',
             ''
           ],
           [
             'path',
             7671,
             'null-complain-profile',
             'null-complain-profile',
             'HINT',
             'PERMITTING',
             65540,
             '/usr/share/icons/gnome/scalable/actions/list-add-symbolic.svg',
             ''
           ]
         ];
$VAR12 = [
           [
             'path',
             7753,
             '/usr/bin/empathy',
             '/usr/bin/empathy',
             'HINT',
             'PERMITTING',
             65540,
             '/usr/lib64/empathy/libempathy-gtk-3.6.3.so',
             ''
           ],
           [
             'path',
             7753,
             '/usr/bin/empathy',
             '/usr/bin/empathy',
             'HINT',
             'PERMITTING',
             1114180,
             '/usr/lib64/empathy/libempathy-gtk-3.6.3.so',
             ''
           ],
           [
             'path',
             7753,
             '/usr/bin/empathy',
             '/usr/bin/empathy',
             'HINT',
             'PERMITTING',
             65540,
             '/usr/lib64/empathy/libempathy-3.6.3.so',
             ''
           ],
           [
             'path',
             7753,
             '/usr/bin/empathy',
             '/usr/bin/empathy',
             'HINT',
             'PERMITTING',
             1114180,
             '/usr/lib64/empathy/libempathy-3.6.3.so',
             ''
           ],
           [
             'path',
             7753,
             '/usr/bin/empathy',
             '/usr/bin/empathy',
             'HINT',
             'PERMITTING',
             65540,
             '/etc/ld.so.cache',
             ''
           ],
           [
             'path',
             7753,
             '/usr/bin/empathy',
             '/usr/bin/empathy',
             'HINT',
             'PERMITTING',
             65540,
             '/usr/lib64/libdbus-glib-1.so.2.2.2',
             ''
           ]
         ];
\n end dumper ARRAY(0x1b65788) 
 Entry: ARRAY(0x1b65788) 
 ARRAY(0x1ac9188) 
 Entry: ARRAY(0x1ac9188) 
 ARRAY(0x1a98d98) 
 Entry: ARRAY(0x1a98d98) 
 ARRAY(0x1aae1c0) 
 Entry: ARRAY(0x1aae1c0) 
 ARRAY(0x1af09d8) 
 Entry: ARRAY(0x1af09d8) 
 ARRAY(0x1b6fa20) 
 Entry: ARRAY(0x1b6fa20) 
 ARRAY(0x1a9d920) 
 Entry: ARRAY(0x1a9d920) 
 ARRAY(0x1ae70b8) 
 Entry: ARRAY(0x1ae70b8) 
 ARRAY(0x1b0fac0) 
 Entry: ARRAY(0x1b0fac0) 
 ARRAY(0xbbe340) ARRAY(0x1b54130) ARRAY(0x1b18578) ARRAY(0x1b040e0) ARRAY(0x1b73600) ARRAY(0x1a9e298) ARRAY(0x1b0a370) ARRAY(0x1adfb70) ARRAY(0x1ac9008) ARRAY(0x1ac1aa0) ARRAY(0x1ab8428) ARRAY(0x1b12e90) ARRAY(0x1a89ab0) ARRAY(0x1aaa6d8) ARRAY(0x1b4d400) ARRAY(0x1b4d5c8) ARRAY(0x1adb230) ARRAY(0x1aadb60) ARRAY(0x1ab3d68) ARRAY(0x1b75fb8) ARRAY(0x1aaa588) ARRAY(0x1b4dcd0) ARRAY(0x1a96c48) ARRAY(0x1adf468) ARRAY(0x1b5ca10) ARRAY(0x1aa76e8) ARRAY(0x1ab8cf8) ARRAY(0x1b72df0) ARRAY(0x1ae9630) ARRAY(0x1a86a90) 
 Entry: ARRAY(0xbbe340) 
 Entry: ARRAY(0x1b54130) 
 Entry: ARRAY(0x1b18578) 
 Entry: ARRAY(0x1b040e0) 
 Entry: ARRAY(0x1b73600) 
 Entry: ARRAY(0x1a9e298) 
 Entry: ARRAY(0x1b0a370) 
 Entry: ARRAY(0x1adfb70) 
 Entry: ARRAY(0x1ac9008) 
 Entry: ARRAY(0x1ac1aa0) 
 Entry: ARRAY(0x1ab8428) 
 Entry: ARRAY(0x1b12e90) 
 Entry: ARRAY(0x1a89ab0) 
 Entry: ARRAY(0x1aaa6d8) 
 Entry: ARRAY(0x1b4d400) 
 Entry: ARRAY(0x1b4d5c8) 
 Entry: ARRAY(0x1adb230) 
 Entry: ARRAY(0x1aadb60) 
 Entry: ARRAY(0x1ab3d68) 
 Entry: ARRAY(0x1b75fb8) 
 Entry: ARRAY(0x1aaa588) 
 Entry: ARRAY(0x1b4dcd0) 
 Entry: ARRAY(0x1a96c48) 
 Entry: ARRAY(0x1adf468) 
 Entry: ARRAY(0x1b5ca10) 
 Entry: ARRAY(0x1aa76e8) 
 Entry: ARRAY(0x1ab8cf8) 
 Entry: ARRAY(0x1b72df0) 
 Entry: ARRAY(0x1ae9630) 
 Entry: ARRAY(0x1a86a90) 
 ARRAY(0x1afc540) ARRAY(0x1b15f38) ARRAY(0x1ab8b60) ARRAY(0x1abf7b8) ARRAY(0x1af6378) 
 Entry: ARRAY(0x1afc540) 
 Entry: ARRAY(0x1b15f38) 
 Entry: ARRAY(0x1ab8b60) 
 Entry: ARRAY(0x1abf7b8) 
 Entry: ARRAY(0x1af6378) 
 ARRAY(0x1b61898) ARRAY(0x1b12ec0) ARRAY(0x1af8bf0) ARRAY(0x1b0feb0) ARRAY(0x1b05ab0) ARRAY(0x1ab8470) 
 Entry: ARRAY(0x1b61898) 
 Entry: ARRAY(0x1b12ec0) 
 Entry: ARRAY(0x1af8bf0) 
 Entry: ARRAY(0x1b0feb0) 
 Entry: ARRAY(0x1b05ab0) 
 Entry: ARRAY(0x1ab8470) 
Complain-mode changes:

Profile:  /usr/bin/empathy
Path:     /etc/ld.so.cache
Mode:     r
Severity: 1

  1 - #include <abstractions/base> 
  2 - #include <abstractions/gnome> 
  3 - #include <abstractions/kde> 
  4 - #include <abstractions/ubuntu-gnome-terminal> 
  5 -